c:\users\mtoka\source\repos\training programs\high level language programming (3rd term)\the 4rd project\2nd part\localmax\debug\localmax.pch
c:\users\mtoka\source\repos\training programs\high level language programming (3rd term)\the 4rd project\2nd part\localmax\debug\vc142.pdb
c:\users\mtoka\source\repos\training programs\high level language programming (3rd term)\the 4rd project\2nd part\localmax\debug\vc142.idb
c:\users\mtoka\source\repos\training programs\high level language programming (3rd term)\the 4rd project\2nd part\localmax\debug\pch.obj
c:\users\mtoka\source\repos\training programs\high level language programming (3rd term)\the 4rd project\2nd part\localmax\debug\dllmain.obj
c:\users\mtoka\source\repos\training programs\high level language programming (3rd term)\the 4rd project\2nd part\localmax\debug\localmax.obj
c:\users\mtoka\source\repos\training programs\high level language programming (3rd term)\the 4rd project\2nd part\localmax\debug\localmax.dll
c:\users\mtoka\source\repos\training programs\high level language programming (3rd term)\the 4rd project\2nd part\localmax\debug\localmax.ilk
c:\users\mtoka\source\repos\training programs\high level language programming (3rd term)\the 4rd project\2nd part\localmax\debug\localmax.pdb
c:\users\mtoka\source\repos\training programs\high level language programming (3rd term)\the 4rd project\2nd part\localmax\debug\localmax.lib
c:\users\mtoka\source\repos\training programs\high level language programming (3rd term)\the 4rd project\2nd part\localmax\debug\localmax.exp
c:\users\mtoka\source\repos\training programs\high level language programming (3rd term)\the 4rd project\2nd part\localmax\debug\logic.obj
c:\users\mtoka\source\repos\training programs\high level language programming (3rd term)\the 4rd project\2nd part\localmax\debug\localmax.tlog\cl.command.1.tlog
c:\users\mtoka\source\repos\training programs\high level language programming (3rd term)\the 4rd project\2nd part\localmax\debug\localmax.tlog\cl.read.1.tlog
c:\users\mtoka\source\repos\training programs\high level language programming (3rd term)\the 4rd project\2nd part\localmax\debug\localmax.tlog\cl.write.1.tlog
c:\users\mtoka\source\repos\training programs\high level language programming (3rd term)\the 4rd project\2nd part\localmax\debug\localmax.tlog\link.16144.delete.1.tlog
c:\users\mtoka\source\repos\training programs\high level language programming (3rd term)\the 4rd project\2nd part\localmax\debug\localmax.tlog\link.command.1.tlog
c:\users\mtoka\source\repos\training programs\high level language programming (3rd term)\the 4rd project\2nd part\localmax\debug\localmax.tlog\link.read.1.tlog
c:\users\mtoka\source\repos\training programs\high level language programming (3rd term)\the 4rd project\2nd part\localmax\debug\localmax.tlog\link.write.1.tlog
c:\users\mtoka\source\repos\training programs\high level language programming (3rd term)\the 4rd project\2nd part\localmax\debug\localmax.tlog\localmax.write.1u.tlog
